<?xml version="1.0" encoding="UTF-8"?>
<!-- Generated by org.testng.reporters.JUnitReportReporter -->
<testsuite hostname="CDC2-LX-1MX6QQ2" name="pack1.NewTest" tests="1" failures="0" timestamp="26 Mar 2019 06:41:08 GMT" time="0.017" errors="0">
  <testcase name="f" time="0.017" classname="pack1.NewTest"/>
</testsuite> <!-- pack1.NewTest -->
